0 info it worked if it ends with ok
1 verbose cli [ '/Users/weboffice/.nvm/versions/node/v4.9.1/bin/node',
1 verbose cli   '/Users/weboffice/.nvm/versions/node/v4.9.1/bin/npm',
1 verbose cli   'start' ]
2 info using npm@2.15.11
3 info using node@v4.9.1
4 verbose run-script [ 'prestart', 'start', 'poststart' ]
5 info prestart bcbsnc-angularjs-seed@0.0.1
6 info start bcbsnc-angularjs-seed@0.0.1
7 verbose unsafe-perm in lifecycle true
8 info bcbsnc-angularjs-seed@0.0.1 Failed to exec start script
9 verbose stack Error: bcbsnc-angularjs-seed@0.0.1 start: `gulp serve`
9 verbose stack Exit status 7
9 verbose stack     at EventEmitter.<anonymous> (/Users/weboffice/.nvm/versions/node/v4.9.1/lib/node_modules/npm/lib/utils/lifecycle.js:217:16)
9 verbose stack     at emitTwo (events.js:87:13)
9 verbose stack     at EventEmitter.emit (events.js:172:7)
9 verbose stack     at ChildProcess.<anonymous> (/Users/weboffice/.nvm/versions/node/v4.9.1/lib/node_modules/npm/lib/utils/spawn.js:24:14)
9 verbose stack     at emitTwo (events.js:87:13)
9 verbose stack     at ChildProcess.emit (events.js:172:7)
9 verbose stack     at maybeClose (internal/child_process.js:862:16)
9 verbose stack     at Process.ChildProcess._handle.onexit (internal/child_process.js:222:5)
10 verbose pkgid bcbsnc-angularjs-seed@0.0.1
11 verbose cwd /Users/weboffice/Desktop/bcbsnc-projects/wcms/ERUtilization-Survey/wcms-survey
12 error Darwin 18.0.0
13 error argv "/Users/weboffice/.nvm/versions/node/v4.9.1/bin/node" "/Users/weboffice/.nvm/versions/node/v4.9.1/bin/npm" "start"
14 error node v4.9.1
15 error npm  v2.15.11
16 error code ELIFECYCLE
17 error bcbsnc-angularjs-seed@0.0.1 start: `gulp serve`
17 error Exit status 7
18 error Failed at the bcbsnc-angularjs-seed@0.0.1 start script 'gulp serve'.
18 error This is most likely a problem with the bcbsnc-angularjs-seed package,
18 error not with npm itself.
18 error Tell the author that this fails on your system:
18 error     gulp serve
18 error You can get information on how to open an issue for this project with:
18 error     npm bugs bcbsnc-angularjs-seed
18 error Or if that isn't available, you can get their info via:
18 error
18 error     npm owner ls bcbsnc-angularjs-seed
18 error There is likely additional logging output above.
19 verbose exit [ 1, true ]
